\BOOKMARK [1][-]{section.1}{Pre\342mbulo}{}% 1
\BOOKMARK [1][-]{section.2}{Documenta\347\343o}{}% 2
\BOOKMARK [1][-]{section.3}{Como realizar o trabalho}{}% 3
\BOOKMARK [1][-]{section.4}{Parte A}{}% 4
\BOOKMARK [2][-]{subsection.4.1}{Biblioteca LTree}{section.4}% 5
\BOOKMARK [2][-]{subsection.4.2}{Biblioteca BTree}{section.4}% 6
\BOOKMARK [2][-]{subsection.4.3}{Biblioteca para listas com sentinelas}{section.4}% 7
\BOOKMARK [1][-]{section.5}{Parte B}{}% 8
\BOOKMARK [2][-]{subsection.5.1}{Cria\347\343o de Tri\342ngulos de Sierpinski}{section.5}% 9
\BOOKMARK [2][-]{subsection.5.2}{Trabalho a realizar}{section.5}% 10
\BOOKMARK [2][-]{subsection.5.3}{Valoriza\347\343o}{section.5}% 11
\BOOKMARK [1][-]{section.6}{Parte C}{}% 12
\BOOKMARK [2][-]{subsection.6.1}{M\363nades}{section.6}% 13
\BOOKMARK [2][-]{subsection.6.2}{Trabalho a realizar}{section.6}% 14
\BOOKMARK [2][-]{subsection.6.3}{Programa\347\343o funcional paralela}{section.6}% 15
\BOOKMARK [2][-]{subsection.6.4}{Trabalho a realizar}{section.6}% 16
\BOOKMARK [1][-]{appendix.A}{Programa principal}{}% 17
\BOOKMARK [1][-]{appendix.B}{Bibliotecas e c\363digo auxiliar}{}% 18
\BOOKMARK [2][-]{subsection.B.1}{``Easy X3DOM access''}{appendix.B}% 19
\BOOKMARK [1][-]{appendix.C}{Solu\347\365es propostas}{}% 20
